<?xml version="1.0" encoding="UTF-8"?>
<testng-results skipped="0" failed="0" ignored="0" total="1" passed="1">
  <reporter-output>
  </reporter-output>
  <suite name="Default suite" duration-ms="13543" started-at="2021-05-13T02:49:01Z" finished-at="2021-05-13T02:49:15Z">
    <groups>
    </groups>
    <test name="Default test" duration-ms="13543" started-at="2021-05-13T02:49:01Z" finished-at="2021-05-13T02:49:15Z">
      <class name="abc.Demo2">
        <test-method status="PASS" signature="testA()[pri:0, instance:abc.Demo2@3532ec19]" name="testA" duration-ms="13513" started-at="2021-05-13T02:49:01Z" finished-at="2021-05-13T02:49:15Z">
          <reporter-output>
          </reporter-output>
        </test-method> <!-- testA -->
      </class> <!-- abc.Demo2 -->
    </test> <!-- Default test -->
  </suite> <!-- Default suite -->
</testng-results>
